<?xml version="1.0" encoding="UTF-8"?>
<testsuite xmlns:xsi="http://www.w3.org/2001/XMLSchema-instance" xsi:noNamespaceSchemaLocation="https://maven.apache.org/surefire/maven-surefire-plugin/xsd/surefire-test-report-3.0.xsd" version="3.0" name="com.sentinelops.ChatControllerIntegrationTest" time="5.514" tests="4" errors="0" skipped="0" failures="0">
  <properties>
[...]
</properties>
  <testcase name="chat_with_system_context_calls_openai_with_context" classname="com.sentinelops.ChatControllerIntegrationTest" time="0.566">
    <system-out><![CDATA[13:16:48.665 [main] INFO org.springframework.test.context.support.AnnotationConfigContextLoaderUtils -- Could not detect default configuration classes for test class [com.sentinelops.ChatControllerIntegrationTest]: ChatControllerIntegrationTest does not declare any static, non-private, non-final, nested classes annotated with @Configuration.
13:16:48.816 [main] INFO org.springframework.boot.test.context.SpringBootTestContextBootstrapper -- Found @SpringBootConfiguration com.sentinelops.SentinelOpsApplication for test class com.sentinelops.ChatControllerIntegrationTest

  .   ____          _            __ _ _
 /\\ / ___'_ __ _ _(_)_ __  __ _ \ \ \ \
( ( )\___ | '_ | '_| | '_ \/ _` | \ \ \ \
 \\/  ___)| |_)| | | | | || (_| |  ) ) ) )
  '  |____| .__|_| |_|_| |_\__, | / / / /
 =========|_|==============|___/=/_/_/_/
 :: Spring Boot ::                (v3.2.2)

2026-02-24T13:16:49.288+02:00  INFO 63388 --- [sentinelops-ai] [           main] c.s.ChatControllerIntegrationTest        : Starting ChatControllerIntegrationTest using Java 17.0.15 with PID 63388 (started by yonac in D:\Vibe Coding Project\DEVOPS Agent\backend)
2026-02-24T13:16:49.290+02:00  INFO 63388 --- [sentinelops-ai] [           main] c.s.ChatControllerIntegrationTest        : No active profile set, falling back to 1 default profile: "default"
2026-02-24T13:16:53.204+02:00  INFO 63388 --- [sentinelops-ai] [           main] o.s.b.t.m.w.SpringBootMockServletContext : Initializing Spring TestDispatcherServlet ''
2026-02-24T13:16:53.205+02:00  INFO 63388 --- [sentinelops-ai] [           main] o.s.t.web.servlet.TestDispatcherServlet  : Initializing Servlet ''
2026-02-24T13:16:53.210+02:00  INFO 63388 --- [sentinelops-ai] [           main] o.s.t.web.servlet.TestDispatcherServlet  : Completed initialization in 1 ms
2026-02-24T13:16:53.266+02:00  INFO 63388 --- [sentinelops-ai] [           main] c.s.ChatControllerIntegrationTest        : Started ChatControllerIntegrationTest in 4.286 seconds (process running for 5.339)
]]></system-out>
  </testcase>
  <testcase name="chat_returns_200_and_ai_response" classname="com.sentinelops.ChatControllerIntegrationTest" time="0.028"/>
  <testcase name="chat_empty_message_returns_400" classname="com.sentinelops.ChatControllerIntegrationTest" time="0.011"/>
  <testcase name="chat_blank_message_returns_400" classname="com.sentinelops.ChatControllerIntegrationTest" time="0.009"/>
</testsuite>